Der Buildvorgang wurde am 11.10.2012 17:37:36 gestartet.
     1>Projekt "D:\Dateien\Projekte\Raupe\neurron\Projekt\Neurron\Server\Server.vcxproj" auf Knoten "2", build Ziel(e).
     1>InitializeBuildStatus:
         "Release\Server.unsuccessfulbuild" wird erstellt, da "AlwaysCreate" angegeben wurde.
       ClCompile:
         Alle Ausgaben sind aktuell.
       ResourceCompile:
         Alle Ausgaben sind aktuell.
       Link:
         c:\Program Files (x86)\Microsoft Visual Studio 10.0\VC\bin\link.exe /ERRORREPORT:PROMPT /OUT:"D:\Dateien\Projekte\Raupe\neurron\Projekt\Neurron\Release\Server.exe" /INCREMENTAL:NO /NOLOGO kernel32.lib user32.lib gdi32.lib winspool.lib comdlg32.lib advapi32.lib shell32.lib ole32.lib oleaut32.lib uuid.lib odbc32.lib odbccp32.lib /MANIFEST /ManifestFile:"Release\Server.exe.intermediate.manifest" /MANIFESTUAC:"level='asInvoker' uiAccess='false'" /DEBUG /PDB:"D:\Dateien\Projekte\Raupe\neurron\Projekt\Neurron\Release\Server.pdb" /SUBSYSTEM:CONSOLE /OPT:REF /OPT:ICF /LTCG /TLBID:1 /DYNAMICBASE /NXCOMPAT /IMPLIB:"D:\Dateien\Projekte\Raupe\neurron\Projekt\Neurron\Release\Server.lib" /MACHINE:X86 Release\Server.res
         Release\Game.obj
         Release\GameFactory.obj
         Release\LeakDetector.obj
         Release\Main.obj
         Release\Msg.obj
         Release\Output.obj
         Release\Server.obj
         Release\ServerPCH.obj
         Release\Singleton.obj
         Code wird generiert.
         Codegenerierung ist abgeschlossen.
         Server.vcxproj -> D:\Dateien\Projekte\Raupe\neurron\Projekt\Neurron\Release\Server.exe
       Manifest:
         C:\Program Files (x86)\Microsoft SDKs\Windows\v7.0A\bin\mt.exe /nologo /verbose /outputresource:"D:\Dateien\Projekte\Raupe\neurron\Projekt\Neurron\Release\Server.exe;#1" /manifest Release\Server.exe.intermediate.manifest
       FinalizeBuildStatus:
         Die Datei "Release\Server.unsuccessfulbuild" wird gelöscht.
         Aktualisieren des Timestamps von "Release\Server.lastbuildstate".
     1>Die Erstellung des Projekts "D:\Dateien\Projekte\Raupe\neurron\Projekt\Neurron\Server\Server.vcxproj" ist abgeschlossen, build Ziel(e).

Das Erstellen war erfolgreich.

Verstrichene Zeit 00:00:01.26
