D:\DATEIEN\PROJEKTE\RAUPE\NEURRON\PROJEKT\NEURRON\DEBUG\SERVER.EXE
D:\DATEIEN\PROJEKTE\RAUPE\NEURRON\PROJEKT\NEURRON\DEBUG\SERVER.ILK
D:\DATEIEN\PROJEKTE\RAUPE\NEURRON\PROJEKT\NEURRON\DEBUG\SERVER.PDB
D:\Dateien\Projekte\Raupe\neurron\Projekt\Neurron\Server\Debug\cl.command.1.tlog
D:\Dateien\Projekte\Raupe\neurron\Projekt\Neurron\Server\Debug\CL.read.1.tlog
D:\Dateien\Projekte\Raupe\neurron\Projekt\Neurron\Server\Debug\CL.write.1.tlog
D:\DATEIEN\PROJEKTE\RAUPE\NEURRON\PROJEKT\NEURRON\SERVER\DEBUG\LEAKDETECTOR.OBJ
D:\Dateien\Projekte\Raupe\neurron\Projekt\Neurron\Server\Debug\link.4600.read.1.tlog
D:\Dateien\Projekte\Raupe\neurron\Projekt\Neurron\Server\Debug\link.4600.write.1.tlog
D:\Dateien\Projekte\Raupe\neurron\Projekt\Neurron\Server\Debug\link.4600-cvtres.read.1.tlog
D:\Dateien\Projekte\Raupe\neurron\Projekt\Neurron\Server\Debug\link.4600-cvtres.write.1.tlog
D:\Dateien\Projekte\Raupe\neurron\Projekt\Neurron\Server\Debug\link.4856.read.1.tlog
D:\Dateien\Projekte\Raupe\neurron\Projekt\Neurron\Server\Debug\link.4856.write.1.tlog
D:\Dateien\Projekte\Raupe\neurron\Projekt\Neurron\Server\Debug\link.4856-cvtres.read.1.tlog
D:\Dateien\Projekte\Raupe\neurron\Projekt\Neurron\Server\Debug\link.4856-cvtres.write.1.tlog
D:\Dateien\Projekte\Raupe\neurron\Projekt\Neurron\Server\Debug\link.command.1.tlog
D:\Dateien\Projekte\Raupe\neurron\Projekt\Neurron\Server\Debug\link.read.1.tlog
D:\Dateien\Projekte\Raupe\neurron\Projekt\Neurron\Server\Debug\link.write.1.tlog
D:\Dateien\Projekte\Raupe\neurron\Projekt\Neurron\Server\Debug\link-cvtres.read.1.tlog
D:\Dateien\Projekte\Raupe\neurron\Projekt\Neurron\Server\Debug\link-cvtres.write.1.tlog
D:\DATEIEN\PROJEKTE\RAUPE\NEURRON\PROJEKT\NEURRON\SERVER\DEBUG\MAIN.OBJ
D:\Dateien\Projekte\Raupe\neurron\Projekt\Neurron\Server\Debug\mt.command.1.tlog
D:\Dateien\Projekte\Raupe\neurron\Projekt\Neurron\Server\Debug\mt.read.1.tlog
D:\Dateien\Projekte\Raupe\neurron\Projekt\Neurron\Server\Debug\mt.write.1.tlog
D:\Dateien\Projekte\Raupe\neurron\Projekt\Neurron\Server\Debug\rc.command.1.tlog
D:\Dateien\Projekte\Raupe\neurron\Projekt\Neurron\Server\Debug\rc.read.1.tlog
D:\Dateien\Projekte\Raupe\neurron\Projekt\Neurron\Server\Debug\rc.write.1.tlog
D:\DATEIEN\PROJEKTE\RAUPE\NEURRON\PROJEKT\NEURRON\SERVER\DEBUG\SERVER.EXE.EMBED.MANIFEST
D:\DATEIEN\PROJEKTE\RAUPE\NEURRON\PROJEKT\NEURRON\SERVER\DEBUG\SERVER.EXE.EMBED.MANIFEST.RES
D:\DATEIEN\PROJEKTE\RAUPE\NEURRON\PROJEKT\NEURRON\SERVER\DEBUG\SERVER.EXE.INTERMEDIATE.MANIFEST
D:\DATEIEN\PROJEKTE\RAUPE\NEURRON\PROJEKT\NEURRON\SERVER\DEBUG\SERVER.OBJ
D:\DATEIEN\PROJEKTE\RAUPE\NEURRON\PROJEKT\NEURRON\SERVER\DEBUG\SERVER.RES
D:\Dateien\Projekte\Raupe\neurron\Projekt\Neurron\Server\Debug\Server_manifest.rc
D:\DATEIEN\PROJEKTE\RAUPE\NEURRON\PROJEKT\NEURRON\SERVER\DEBUG\SERVERPCH.OBJ
D:\DATEIEN\PROJEKTE\RAUPE\NEURRON\PROJEKT\NEURRON\SERVER\DEBUG\SINGLETON.OBJ
D:\Dateien\Projekte\Raupe\neurron\Projekt\Neurron\Server\Debug\vc100.idb
D:\DATEIEN\PROJEKTE\RAUPE\NEURRON\PROJEKT\NEURRON\SERVER\DEBUG\VC100.PDB
